Using pre-set license
Built from '2020.3/staging' branch; Version is '2020.3.19f1 (68f137dc9bbe) revision 6877495'; Using compiler version '192528614'; Build Type 'Release'
OS: 'Windows 10 Pro; OS build 19042.1288; Version 2009; 64bit' Language: 'es' Physical Memory: 16289 MB
BatchMode: 1, IsHumanControllingUs: 0, StartBugReporterOnCrash: 0, Is64bit: 1, IsPro: 0

COMMAND LINE ARGUMENTS:
C:\Program Files\Unity\Hub\Editor\2020.3.19f1\Editor\Unity.exe
-adb2
-batchMode
-noUpm
-name
AssetImportWorker0
-projectPath
D:/Unity Projects/TareaRPG
-logFile
Logs/AssetImportWorker0.log
-srvPort
<<<<<<< HEAD
11519
Successfully changed project path to: D:/Unity Projects/TareaRPG
D:/Unity Projects/TareaRPG
Using Asset Import Pipeline V2.
Refreshing native plugins compatible for Editor in 62.09 ms, found 3 plugins.
=======
59025
Successfully changed project path to: C:/Users/yadir/Desktop/YADIRA/PROGRAMACION DE VIDEOJUEGOS/TareaRPG
C:/Users/yadir/Desktop/YADIRA/PROGRAMACION DE VIDEOJUEGOS/TareaRPG
Using Asset Import Pipeline V2.
Refreshing native plugins compatible for Editor in 40.74 ms, found 3 plugins.
>>>>>>> b52a80bbf1642f1c4804675ca210f4294e628320
Preloading 0 native plugins for Editor in 0.00 ms.
Initialize engine version: 2020.3.19f1 (68f137dc9bbe)
[Subsystems] Discovering subsystems at path C:/Program Files/Unity/Hub/Editor/2020.3.19f1/Editor/Data/Resources/UnitySubsystems
[Subsystems] Discovering subsystems at path D:/Unity Projects/TareaRPG/Assets
GfxDevice: creating device client; threaded=0
Direct3D:
    Version:  Direct3D 11.0 [level 11.1]
    Renderer: NVIDIA GeForce GTX 960 (ID=0x1401)
    Vendor:   
    VRAM:     2007 MB
    Driver:   27.21.14.6089
Initialize mono
<<<<<<< HEAD
Mono path[0] = 'C:/Program Files/Unity/Hub/Editor/2020.3.19f1/Editor/Data/Managed'
Mono path[1] = 'C:/Program Files/Unity/Hub/Editor/2020.3.19f1/Editor/Data/MonoBleedingEdge/lib/mono/unityjit'
Mono config path = 'C:/Program Files/Unity/Hub/Editor/2020.3.19f1/Editor/Data/MonoBleedingEdge/etc'
Using monoOptions --debugger-agent=transport=dt_socket,embedding=1,server=y,suspend=n,address=127.0.0.1:56276
Begin MonoManager ReloadAssembly
Registering precompiled unity dll's ...
Register platform support module: C:/Program Files/Unity/Hub/Editor/2020.3.19f1/Editor/Data/PlaybackEngines/WebGLSupport/UnityEditor.WebGL.Extensions.dll
Register platform support module: C:/Program Files/Unity/Hub/Editor/2020.3.19f1/Editor/Data/PlaybackEngines/WindowsStandaloneSupport/UnityEditor.WindowsStandalone.Extensions.dll
Registered in 0.002561 seconds.
Native extension for WindowsStandalone target not found
Native extension for WebGL target not found
Refreshing native plugins compatible for Editor in 47.54 ms, found 3 plugins.
Preloading 0 native plugins for Editor in 0.00 ms.
Mono: successfully reloaded assembly
- Completed reload, in  4.491 seconds
Domain Reload Profiling:
	ReloadAssembly (4492ms)
		BeginReloadAssembly (85ms)
=======
Mono path[0] = 'C:/Program Files/Unity/Hub/Editor/2020.3.17f1/Editor/Data/Managed'
Mono path[1] = 'C:/Program Files/Unity/Hub/Editor/2020.3.17f1/Editor/Data/MonoBleedingEdge/lib/mono/unityjit'
Mono config path = 'C:/Program Files/Unity/Hub/Editor/2020.3.17f1/Editor/Data/MonoBleedingEdge/etc'
Using monoOptions --debugger-agent=transport=dt_socket,embedding=1,server=y,suspend=n,address=127.0.0.1:56888
Begin MonoManager ReloadAssembly
Registering precompiled unity dll's ...
Register platform support module: C:/Program Files/Unity/Hub/Editor/2020.3.17f1/Editor/Data/PlaybackEngines/WebGLSupport/UnityEditor.WebGL.Extensions.dll
Register platform support module: C:/Program Files/Unity/Hub/Editor/2020.3.17f1/Editor/Data/PlaybackEngines/WindowsStandaloneSupport/UnityEditor.WindowsStandalone.Extensions.dll
Registered in 0.002962 seconds.
Native extension for WindowsStandalone target not found
Native extension for WebGL target not found
Refreshing native plugins compatible for Editor in 38.18 ms, found 3 plugins.
Preloading 0 native plugins for Editor in 0.00 ms.
Mono: successfully reloaded assembly
- Completed reload, in  1.719 seconds
Domain Reload Profiling:
	ReloadAssembly (1719ms)
		BeginReloadAssembly (50ms)
>>>>>>> b52a80bbf1642f1c4804675ca210f4294e628320
			ExecutionOrderSort (0ms)
			DisableScriptedObjects (0ms)
			BackupInstance (0ms)
			ReleaseScriptingObjects (0ms)
<<<<<<< HEAD
			CreateAndSetChildDomain (1ms)
		EndReloadAssembly (501ms)
			LoadAssemblies (81ms)
			RebuildTransferFunctionScriptingTraits (0ms)
			SetupTypeCache (193ms)
			ReleaseScriptCaches (0ms)
			RebuildScriptCaches (35ms)
			SetupLoadedEditorAssemblies (184ms)
				LogAssemblyErrors (0ms)
				InitializePlatformSupportModulesInManaged (5ms)
				SetLoadedEditorAssemblies (0ms)
				RefreshPlugins (48ms)
				BeforeProcessingInitializeOnLoad (14ms)
				ProcessInitializeOnLoadAttributes (85ms)
				ProcessInitializeOnLoadMethodAttributes (31ms)
=======
			CreateAndSetChildDomain (3ms)
		EndReloadAssembly (357ms)
			LoadAssemblies (46ms)
			RebuildTransferFunctionScriptingTraits (0ms)
			SetupTypeCache (134ms)
			ReleaseScriptCaches (0ms)
			RebuildScriptCaches (23ms)
			SetupLoadedEditorAssemblies (140ms)
				LogAssemblyErrors (0ms)
				InitializePlatformSupportModulesInManaged (4ms)
				SetLoadedEditorAssemblies (0ms)
				RefreshPlugins (38ms)
				BeforeProcessingInitializeOnLoad (13ms)
				ProcessInitializeOnLoadAttributes (62ms)
				ProcessInitializeOnLoadMethodAttributes (22ms)
>>>>>>> b52a80bbf1642f1c4804675ca210f4294e628320
				AfterProcessingInitializeOnLoad (0ms)
				EditorAssembliesLoaded (0ms)
			ExecutionOrderSort2 (0ms)
			AwakeInstancesAfterBackupRestoration (0ms)
Platform modules already initialized, skipping
Registering precompiled user dll's ...
<<<<<<< HEAD
Registered in 0.002217 seconds.
Begin MonoManager ReloadAssembly
Native extension for WindowsStandalone target not found
Native extension for WebGL target not found
Refreshing native plugins compatible for Editor in 48.71 ms, found 3 plugins.
Preloading 0 native plugins for Editor in 0.00 ms.
Mono: successfully reloaded assembly
- Completed reload, in  1.246 seconds
Domain Reload Profiling:
	ReloadAssembly (1247ms)
		BeginReloadAssembly (181ms)
=======
Registered in 0.003857 seconds.
Begin MonoManager ReloadAssembly
Native extension for WindowsStandalone target not found
Native extension for WebGL target not found
Refreshing native plugins compatible for Editor in 37.57 ms, found 3 plugins.
Preloading 0 native plugins for Editor in 0.00 ms.
Mono: successfully reloaded assembly
- Completed reload, in  0.998 seconds
Domain Reload Profiling:
	ReloadAssembly (999ms)
		BeginReloadAssembly (120ms)
>>>>>>> b52a80bbf1642f1c4804675ca210f4294e628320
			ExecutionOrderSort (0ms)
			DisableScriptedObjects (5ms)
			BackupInstance (0ms)
			ReleaseScriptingObjects (0ms)
<<<<<<< HEAD
			CreateAndSetChildDomain (26ms)
		EndReloadAssembly (999ms)
			LoadAssemblies (100ms)
			RebuildTransferFunctionScriptingTraits (0ms)
			SetupTypeCache (334ms)
			ReleaseScriptCaches (1ms)
			RebuildScriptCaches (57ms)
			SetupLoadedEditorAssemblies (371ms)
=======
			CreateAndSetChildDomain (15ms)
		EndReloadAssembly (825ms)
			LoadAssemblies (81ms)
			RebuildTransferFunctionScriptingTraits (0ms)
			SetupTypeCache (244ms)
			ReleaseScriptCaches (0ms)
			RebuildScriptCaches (38ms)
			SetupLoadedEditorAssemblies (362ms)
>>>>>>> b52a80bbf1642f1c4804675ca210f4294e628320
				LogAssemblyErrors (0ms)
				InitializePlatformSupportModulesInManaged (5ms)
				SetLoadedEditorAssemblies (0ms)
<<<<<<< HEAD
				RefreshPlugins (49ms)
				BeforeProcessingInitializeOnLoad (83ms)
				ProcessInitializeOnLoadAttributes (213ms)
				ProcessInitializeOnLoadMethodAttributes (14ms)
				AfterProcessingInitializeOnLoad (7ms)
=======
				RefreshPlugins (38ms)
				BeforeProcessingInitializeOnLoad (74ms)
				ProcessInitializeOnLoadAttributes (230ms)
				ProcessInitializeOnLoadMethodAttributes (10ms)
				AfterProcessingInitializeOnLoad (6ms)
>>>>>>> b52a80bbf1642f1c4804675ca210f4294e628320
				EditorAssembliesLoaded (0ms)
			ExecutionOrderSort2 (0ms)
			AwakeInstancesAfterBackupRestoration (8ms)
Platform modules already initialized, skipping
========================================================================
Worker process is ready to serve import requests
<<<<<<< HEAD
Launched and connected shader compiler UnityShaderCompiler.exe after 0.17 seconds
Refreshing native plugins compatible for Editor in 0.62 ms, found 3 plugins.
Preloading 0 native plugins for Editor in 0.00 ms.
Unloading 2140 Unused Serialized files (Serialized files now loaded: 0)
System memory in use before: 96.4 MB.
System memory in use after: 96.5 MB.

Unloading 26 unused Assets to reduce memory usage. Loaded Objects now: 2580.
Total: 4.938700 ms (FindLiveObjects: 0.407600 ms CreateObjectMapping: 0.220600 ms MarkObjects: 4.188700 ms  DeleteObjects: 0.120000 ms)
=======
Launched and connected shader compiler UnityShaderCompiler.exe after 0.03 seconds
Refreshing native plugins compatible for Editor in 0.50 ms, found 3 plugins.
Preloading 0 native plugins for Editor in 0.00 ms.
Unloading 2091 Unused Serialized files (Serialized files now loaded: 0)
System memory in use before: 93.1 MB.
System memory in use after: 93.2 MB.

Unloading 28 unused Assets to reduce memory usage. Loaded Objects now: 2528.
Total: 3.665000 ms (FindLiveObjects: 0.240300 ms CreateObjectMapping: 0.091600 ms MarkObjects: 3.214400 ms  DeleteObjects: 0.117800 ms)
>>>>>>> b52a80bbf1642f1c4804675ca210f4294e628320

AssetImportParameters requested are different than current active one (requested -> active):
  custom:framework-win-MediaFoundation: 216162199b28c13a410421893ffa2e32 -> 
  custom:video-decoder-ogg-theora: a1e56fd34408186e4bbccfd4996cb3dc -> 
  custom:container-muxer-webm: aa71ff27fc2769a1b78a27578f13a17b -> 
  custom:container-demuxer-webm: 4f35f7cbe854078d1ac9338744f61a02 -> 
  custom:container-demuxer-ogg: 62fdf1f143b41e24485cea50d1cbac27 -> 
  custom:video-encoder-webm-vp8: eb34c28f22e8b96e1ab97ce403110664 -> 
  custom:video-codec-MediaFoundation-h265: 746d11721c4dcdbdad8f713fa42b33f4 -> 
  custom:video-decoder-webm-vp8: 9c59270c3fd7afecdb556c50c9e8de78 -> 
  custom:audio-decoder-ogg-vorbis: bf7c407c2cedff20999df2af8eb42d56 -> 
  custom:audio-encoder-webm-vorbis: bf7c407c2cedff20999df2af8eb42d56 -> 
========================================================================
Received Import Request.
<<<<<<< HEAD
  path: Assets/TextMesh Pro/Shaders/TMP_SDF-Mobile.shader
  artifactKey: Guid(fe393ace9b354375a9cb14cdbbc28be4) Importer(815301076,1909f56bfc062723c751e8b465ee728b)
Start importing Assets/TextMesh Pro/Shaders/TMP_SDF-Mobile.shader using Guid(fe393ace9b354375a9cb14cdbbc28be4) Importer(815301076,1909f56bfc062723c751e8b465ee728b)  -> (artifact id: 'fc43cc6fee3e84d677e125003657976d') in 0.055717 seconds 
  Import took 0.061015 seconds .

=======
  path: Assets/SPRITES/HEROS/HEROS8bit_Princess JumpRoll D.png
  artifactKey: Guid(14fb458ed29aed84aafed2e665951f7e) Importer(815301076,1909f56bfc062723c751e8b465ee728b)
Start importing Assets/SPRITES/HEROS/HEROS8bit_Princess JumpRoll D.png using Guid(14fb458ed29aed84aafed2e665951f7e) Importer(815301076,1909f56bfc062723c751e8b465ee728b)  -> (artifact id: '549f4ee5722988596c1c90fc5c76e611') in 0.083298 seconds 
  Import took 0.087465 seconds .

========================================================================
Received Import Request.
  Time since last request: 0.000290 seconds.
  path: Assets/SPRITES/HEROS/HEROS8bit_Princess Death D.png
  artifactKey: Guid(ce23fcb6dd2d41345ae354b82262ba4b) Importer(815301076,1909f56bfc062723c751e8b465ee728b)
Start importing Assets/SPRITES/HEROS/HEROS8bit_Princess Death D.png using Guid(ce23fcb6dd2d41345ae354b82262ba4b) Importer(815301076,1909f56bfc062723c751e8b465ee728b)  -> (artifact id: '00c54f16faa1dd1eb9de9d6d80a02974') in 0.009144 seconds 
  Import took 0.012489 seconds .

========================================================================
Received Import Request.
  Time since last request: 0.000235 seconds.
  path: Assets/SPRITES/HEROS/HEROS8bit_Princess Attack D.png
  artifactKey: Guid(e7d1c7416f870e745b420a0bdaeafde1) Importer(815301076,1909f56bfc062723c751e8b465ee728b)
Start importing Assets/SPRITES/HEROS/HEROS8bit_Princess Attack D.png using Guid(e7d1c7416f870e745b420a0bdaeafde1) Importer(815301076,1909f56bfc062723c751e8b465ee728b)  -> (artifact id: '8cb0951df3dda78132dd76dc03663cb2') in 0.013642 seconds 
  Import took 0.016988 seconds .

========================================================================
Received Import Request.
  Time since last request: 0.000325 seconds.
  path: Assets/SPRITES/HEROS/HEROS8bit_Princess Idle R.png
  artifactKey: Guid(3bc719da154ce4342a18ada08e0cbc2a) Importer(815301076,1909f56bfc062723c751e8b465ee728b)
Start importing Assets/SPRITES/HEROS/HEROS8bit_Princess Idle R.png using Guid(3bc719da154ce4342a18ada08e0cbc2a) Importer(815301076,1909f56bfc062723c751e8b465ee728b)  -> (artifact id: '86ab2889adb0312eb9807e3fc8b0665f') in 0.013502 seconds 
  Import took 0.017507 seconds .

========================================================================
Received Import Request.
  Time since last request: 16.595626 seconds.
  path: Assets/SPRITES/HEROS/HEROS8bit_Adventurer Hurt R.png
  artifactKey: Guid(ea30f311aa2710340b007aeb49add146) Importer(815301076,1909f56bfc062723c751e8b465ee728b)
Start importing Assets/SPRITES/HEROS/HEROS8bit_Adventurer Hurt R.png using Guid(ea30f311aa2710340b007aeb49add146) Importer(815301076,1909f56bfc062723c751e8b465ee728b)  -> (artifact id: '24724be974b1530064d265b787c35f62') in 0.016010 seconds 
  Import took 0.019018 seconds .

========================================================================
Received Import Request.
  Time since last request: 0.000706 seconds.
  path: Assets/SPRITES/HEROS/HEROS8bit_Adventurer Hurt R.png
  artifactKey: Guid(ea30f311aa2710340b007aeb49add146) Importer(815301076,1909f56bfc062723c751e8b465ee728b)
Start importing Assets/SPRITES/HEROS/HEROS8bit_Adventurer Hurt R.png using Guid(ea30f311aa2710340b007aeb49add146) Importer(815301076,1909f56bfc062723c751e8b465ee728b)  -> (artifact id: '24724be974b1530064d265b787c35f62') in 0.020075 seconds 
  Import took 0.024224 seconds .

========================================================================
Received Import Request.
  Time since last request: 0.451377 seconds.
  path: Assets/SPRITES/HEROS/HEROS8bit_Adventurer Hurt U.png
  artifactKey: Guid(363ed8eb8db7bf14c86a210995e3fc75) Importer(815301076,1909f56bfc062723c751e8b465ee728b)
Start importing Assets/SPRITES/HEROS/HEROS8bit_Adventurer Hurt U.png using Guid(363ed8eb8db7bf14c86a210995e3fc75) Importer(815301076,1909f56bfc062723c751e8b465ee728b)  -> (artifact id: '9b3026cdfc9c343f1207a5542f34b586') in 0.015577 seconds 
  Import took 0.019272 seconds .

========================================================================
Received Import Request.
  Time since last request: 0.001428 seconds.
  path: Assets/SPRITES/HEROS/HEROS8bit_Adventurer Hurt U.png
  artifactKey: Guid(363ed8eb8db7bf14c86a210995e3fc75) Importer(815301076,1909f56bfc062723c751e8b465ee728b)
Start importing Assets/SPRITES/HEROS/HEROS8bit_Adventurer Hurt U.png using Guid(363ed8eb8db7bf14c86a210995e3fc75) Importer(815301076,1909f56bfc062723c751e8b465ee728b)  -> (artifact id: '9b3026cdfc9c343f1207a5542f34b586') in 0.017122 seconds 
  Import took 0.020023 seconds .

========================================================================
Received Import Request.
  Time since last request: 0.986026 seconds.
  path: Assets/SPRITES/HEROS/HEROS8bit_Adventurer Idle D.png
  artifactKey: Guid(e95a7f056c7700a40833d04b50a12d23) Importer(815301076,1909f56bfc062723c751e8b465ee728b)
Start importing Assets/SPRITES/HEROS/HEROS8bit_Adventurer Idle D.png using Guid(e95a7f056c7700a40833d04b50a12d23) Importer(815301076,1909f56bfc062723c751e8b465ee728b)  -> (artifact id: 'a31de07849c91e7dbe8945532f2405cf') in 0.015346 seconds 
  Import took 0.019306 seconds .

========================================================================
Received Import Request.
  Time since last request: 0.001661 seconds.
  path: Assets/SPRITES/HEROS/HEROS8bit_Adventurer Idle D.png
  artifactKey: Guid(e95a7f056c7700a40833d04b50a12d23) Importer(815301076,1909f56bfc062723c751e8b465ee728b)
Start importing Assets/SPRITES/HEROS/HEROS8bit_Adventurer Idle D.png using Guid(e95a7f056c7700a40833d04b50a12d23) Importer(815301076,1909f56bfc062723c751e8b465ee728b)  -> (artifact id: 'a31de07849c91e7dbe8945532f2405cf') in 0.011905 seconds 
  Import took 0.016957 seconds .

========================================================================
Received Import Request.
  Time since last request: 2.394724 seconds.
  path: Assets/SPRITES/HEROS/HEROS8bit_Adventurer Idle R.png
  artifactKey: Guid(94ec7ef6bb6e7bc40b9bb3210b4e97b8) Importer(815301076,1909f56bfc062723c751e8b465ee728b)
Start importing Assets/SPRITES/HEROS/HEROS8bit_Adventurer Idle R.png using Guid(94ec7ef6bb6e7bc40b9bb3210b4e97b8) Importer(815301076,1909f56bfc062723c751e8b465ee728b)  -> (artifact id: '6a1dca6766ead4e981b44e7cbf4f9f80') in 0.016412 seconds 
  Import took 0.021210 seconds .

========================================================================
Received Import Request.
  Time since last request: 120.292217 seconds.
  path: Assets/SPRITES/HEROS/HEROS8bit_Adventurer Idle R.png
  artifactKey: Guid(94ec7ef6bb6e7bc40b9bb3210b4e97b8) Importer(815301076,1909f56bfc062723c751e8b465ee728b)
Start importing Assets/SPRITES/HEROS/HEROS8bit_Adventurer Idle R.png using Guid(94ec7ef6bb6e7bc40b9bb3210b4e97b8) Importer(815301076,1909f56bfc062723c751e8b465ee728b)  -> (artifact id: '54fbc8f84925e411202d26a5d28315e9') in 0.012322 seconds 
  Import took 0.017066 seconds .

========================================================================
Received Import Request.
  Time since last request: 33.826030 seconds.
  path: Assets/SPRITES/HEROS/HEROS8bit_Adventurer Attack D.png
  artifactKey: Guid(fb139624cf8c0bd439c364b67899d068) Importer(815301076,1909f56bfc062723c751e8b465ee728b)
Start importing Assets/SPRITES/HEROS/HEROS8bit_Adventurer Attack D.png using Guid(fb139624cf8c0bd439c364b67899d068) Importer(815301076,1909f56bfc062723c751e8b465ee728b)  -> (artifact id: 'ea698d0fcdb2136f119711a1400bf21f') in 0.007817 seconds 
  Import took 0.010527 seconds .

========================================================================
Received Import Request.
  Time since last request: 0.002462 seconds.
  path: Assets/SPRITES/HEROS/HEROS8bit_Adventurer Attack D.png
  artifactKey: Guid(fb139624cf8c0bd439c364b67899d068) Importer(815301076,1909f56bfc062723c751e8b465ee728b)
Start importing Assets/SPRITES/HEROS/HEROS8bit_Adventurer Attack D.png using Guid(fb139624cf8c0bd439c364b67899d068) Importer(815301076,1909f56bfc062723c751e8b465ee728b)  -> (artifact id: 'ea698d0fcdb2136f119711a1400bf21f') in 0.008381 seconds 
  Import took 0.011447 seconds .

========================================================================
Received Import Request.
  Time since last request: 11.266165 seconds.
  path: Assets/SPRITES/ENEMIES/ENEMIES8bit_Blob Hurt.png
  artifactKey: Guid(d0b94da9ce6684940b0ce5a88c472ece) Importer(815301076,1909f56bfc062723c751e8b465ee728b)
Start importing Assets/SPRITES/ENEMIES/ENEMIES8bit_Blob Hurt.png using Guid(d0b94da9ce6684940b0ce5a88c472ece) Importer(815301076,1909f56bfc062723c751e8b465ee728b)  -> (artifact id: '82851c8939753d440f48e979062b2f37') in 0.009539 seconds 
  Import took 0.013837 seconds .

========================================================================
Received Import Request.
  Time since last request: 9.628850 seconds.
  path: Assets/SPRITES/ENEMIES/ENEMIES8bit_Blob Hurt.png
  artifactKey: Guid(d0b94da9ce6684940b0ce5a88c472ece) Importer(815301076,1909f56bfc062723c751e8b465ee728b)
Start importing Assets/SPRITES/ENEMIES/ENEMIES8bit_Blob Hurt.png using Guid(d0b94da9ce6684940b0ce5a88c472ece) Importer(815301076,1909f56bfc062723c751e8b465ee728b)  -> (artifact id: '1c7f3d6babfa3971f0e628c882b9f040') in 0.011604 seconds 
  Import took 0.014462 seconds .

========================================================================
Received Import Request.
  Time since last request: 6.731429 seconds.
  path: Assets/SPRITES/ITEMS/item8BIT_bananas.png
  artifactKey: Guid(2218b17ba2138f14b952bcfc11c94950) Importer(815301076,1909f56bfc062723c751e8b465ee728b)
Start importing Assets/SPRITES/ITEMS/item8BIT_bananas.png using Guid(2218b17ba2138f14b952bcfc11c94950) Importer(815301076,1909f56bfc062723c751e8b465ee728b)  -> (artifact id: '7baa62747566cb7ffc61b18c2892044e') in 0.010493 seconds 
  Import took 0.014372 seconds .

========================================================================
Received Import Request.
  Time since last request: 14.960858 seconds.
  path: Assets/SPRITES/ITEMS/item8BIT_bananas.png
  artifactKey: Guid(2218b17ba2138f14b952bcfc11c94950) Importer(815301076,1909f56bfc062723c751e8b465ee728b)
Start importing Assets/SPRITES/ITEMS/item8BIT_bananas.png using Guid(2218b17ba2138f14b952bcfc11c94950) Importer(815301076,1909f56bfc062723c751e8b465ee728b)  -> (artifact id: '3499ad4a8927b297053952bd9f9de455') in 0.009567 seconds 
  Import took 0.013857 seconds .

========================================================================
Received Import Request.
  Time since last request: 4.681040 seconds.
  path: Assets/SPRITES/HEROS/HEROS8bit_Adventurer Attack R.png
  artifactKey: Guid(0b73460dcb0028040ab9ecaa911785df) Importer(815301076,1909f56bfc062723c751e8b465ee728b)
Start importing Assets/SPRITES/HEROS/HEROS8bit_Adventurer Attack R.png using Guid(0b73460dcb0028040ab9ecaa911785df) Importer(815301076,1909f56bfc062723c751e8b465ee728b)  -> (artifact id: '60718b275f828710ed77000e36f76b81') in 0.015150 seconds 
  Import took 0.019517 seconds .

========================================================================
Received Import Request.
  Time since last request: 0.001268 seconds.
  path: Assets/SPRITES/HEROS/HEROS8bit_Adventurer Attack R.png
  artifactKey: Guid(0b73460dcb0028040ab9ecaa911785df) Importer(815301076,1909f56bfc062723c751e8b465ee728b)
Start importing Assets/SPRITES/HEROS/HEROS8bit_Adventurer Attack R.png using Guid(0b73460dcb0028040ab9ecaa911785df) Importer(815301076,1909f56bfc062723c751e8b465ee728b)  -> (artifact id: '60718b275f828710ed77000e36f76b81') in 0.010978 seconds 
  Import took 0.015213 seconds .

========================================================================
Received Import Request.
  Time since last request: 5.098064 seconds.
  path: Assets/SPRITES/ITEMS
  artifactKey: Guid(6ab7f68daedd196479e9bde94fcca961) Importer(815301076,1909f56bfc062723c751e8b465ee728b)
Start importing Assets/SPRITES/ITEMS using Guid(6ab7f68daedd196479e9bde94fcca961) Importer(815301076,1909f56bfc062723c751e8b465ee728b)  -> (artifact id: '7d5255db3bd6da0c0614d7f10d396164') in 0.002271 seconds 
  Import took 0.005522 seconds .

========================================================================
Received Import Request.
  Time since last request: 24.717747 seconds.
  path: Assets/SPRITES/HEROS
  artifactKey: Guid(14375701a89547148b8f8e2fcac41ba6) Importer(815301076,1909f56bfc062723c751e8b465ee728b)
Start importing Assets/SPRITES/HEROS using Guid(14375701a89547148b8f8e2fcac41ba6) Importer(815301076,1909f56bfc062723c751e8b465ee728b)  -> (artifact id: 'a30517a2ea06a28f54a298d34d72837f') in 0.002987 seconds 
  Import took 0.009742 seconds .

========================================================================
Received Import Request.
  Time since last request: 3.406298 seconds.
  path: Assets/SPRITES/ENEMIES/ENEMIES8bit_Blob Death.png
  artifactKey: Guid(bba32b34210d83d4796df991f76da39f) Importer(815301076,1909f56bfc062723c751e8b465ee728b)
Start importing Assets/SPRITES/ENEMIES/ENEMIES8bit_Blob Death.png using Guid(bba32b34210d83d4796df991f76da39f) Importer(815301076,1909f56bfc062723c751e8b465ee728b)  -> (artifact id: '0f9a015af72f2aadbf0c09d4bbf0f441') in 0.011608 seconds 
  Import took 0.014742 seconds .

========================================================================
Received Import Request.
  Time since last request: 1.238837 seconds.
  path: Assets/SPRITES/ENEMIES/ENEMIES8bit_Blob Idle.png
  artifactKey: Guid(4d7989b3b6a9aff4199e73df45692f83) Importer(815301076,1909f56bfc062723c751e8b465ee728b)
Start importing Assets/SPRITES/ENEMIES/ENEMIES8bit_Blob Idle.png using Guid(4d7989b3b6a9aff4199e73df45692f83) Importer(815301076,1909f56bfc062723c751e8b465ee728b)  -> (artifact id: '0532fb7c7031082fede2f2b4111ac577') in 0.015043 seconds 
  Import took 0.018523 seconds .

========================================================================
Received Import Request.
  Time since last request: 0.002171 seconds.
  path: Assets/SPRITES/ENEMIES/ENEMIES8bit_Blob Idle.png
  artifactKey: Guid(4d7989b3b6a9aff4199e73df45692f83) Importer(815301076,1909f56bfc062723c751e8b465ee728b)
Start importing Assets/SPRITES/ENEMIES/ENEMIES8bit_Blob Idle.png using Guid(4d7989b3b6a9aff4199e73df45692f83) Importer(815301076,1909f56bfc062723c751e8b465ee728b)  -> (artifact id: '0532fb7c7031082fede2f2b4111ac577') in 0.010225 seconds 
  Import took 0.014384 seconds .

========================================================================
Received Import Request.
  Time since last request: 1.315034 seconds.
  path: Assets/SPRITES/ENEMIES/ENEMIES8bit_NegaBlob Death.png
  artifactKey: Guid(698a12ec581595547892d1c4389b2b44) Importer(815301076,1909f56bfc062723c751e8b465ee728b)
Start importing Assets/SPRITES/ENEMIES/ENEMIES8bit_NegaBlob Death.png using Guid(698a12ec581595547892d1c4389b2b44) Importer(815301076,1909f56bfc062723c751e8b465ee728b)  -> (artifact id: 'a8f0d60d1a61e88217f1811688b1aa27') in 0.014078 seconds 
  Import took 0.018041 seconds .

========================================================================
Received Import Request.
  Time since last request: 0.003047 seconds.
  path: Assets/SPRITES/ENEMIES/ENEMIES8bit_NegaBlob Death.png
  artifactKey: Guid(698a12ec581595547892d1c4389b2b44) Importer(815301076,1909f56bfc062723c751e8b465ee728b)
Start importing Assets/SPRITES/ENEMIES/ENEMIES8bit_NegaBlob Death.png using Guid(698a12ec581595547892d1c4389b2b44) Importer(815301076,1909f56bfc062723c751e8b465ee728b)  -> (artifact id: 'a8f0d60d1a61e88217f1811688b1aa27') in 0.017803 seconds 
  Import took 0.021089 seconds .

========================================================================
Received Import Request.
  Time since last request: 0.484261 seconds.
  path: Assets/SPRITES/ENEMIES/ENEMIES8bit_NegaBlob Idle.png
  artifactKey: Guid(1aed27d4dd441b14e9c9ae8c2dfb4512) Importer(815301076,1909f56bfc062723c751e8b465ee728b)
Start importing Assets/SPRITES/ENEMIES/ENEMIES8bit_NegaBlob Idle.png using Guid(1aed27d4dd441b14e9c9ae8c2dfb4512) Importer(815301076,1909f56bfc062723c751e8b465ee728b)  -> (artifact id: 'c9e07b3b7e722a0604127b085b304b4b') in 0.017665 seconds 
  Import took 0.021918 seconds .

========================================================================
Received Import Request.
  Time since last request: 0.002275 seconds.
  path: Assets/SPRITES/ENEMIES/ENEMIES8bit_NegaBlob Idle.png
  artifactKey: Guid(1aed27d4dd441b14e9c9ae8c2dfb4512) Importer(815301076,1909f56bfc062723c751e8b465ee728b)
Start importing Assets/SPRITES/ENEMIES/ENEMIES8bit_NegaBlob Idle.png using Guid(1aed27d4dd441b14e9c9ae8c2dfb4512) Importer(815301076,1909f56bfc062723c751e8b465ee728b)  -> (artifact id: 'c9e07b3b7e722a0604127b085b304b4b') in 0.012222 seconds 
  Import took 0.017699 seconds .

========================================================================
Received Import Request.
  Time since last request: 60.204009 seconds.
  path: Assets/SPRITES/HEROS/HEROS8bit_Adventurer Death.png
  artifactKey: Guid(9e8e8c47127989b4fae2030eaabe6645) Importer(815301076,1909f56bfc062723c751e8b465ee728b)
Start importing Assets/SPRITES/HEROS/HEROS8bit_Adventurer Death.png using Guid(9e8e8c47127989b4fae2030eaabe6645) Importer(815301076,1909f56bfc062723c751e8b465ee728b)  -> (artifact id: '5105704f699f1a33a2593553174e3508') in 0.015311 seconds 
  Import took 0.018517 seconds .

========================================================================
Received Import Request.
  Time since last request: 0.431104 seconds.
  path: Assets/SPRITES/HEROS/HEROS8bit_Adventurer Hurt D.png
  artifactKey: Guid(7bcb9df3a3d7b9449b0ada5bfd7210fa) Importer(815301076,1909f56bfc062723c751e8b465ee728b)
Start importing Assets/SPRITES/HEROS/HEROS8bit_Adventurer Hurt D.png using Guid(7bcb9df3a3d7b9449b0ada5bfd7210fa) Importer(815301076,1909f56bfc062723c751e8b465ee728b)  -> (artifact id: 'f29e24ac2571db8e9265c1e1d5e666fb') in 0.015152 seconds 
  Import took 0.018911 seconds .

========================================================================
Received Import Request.
  Time since last request: 0.001486 seconds.
  path: Assets/SPRITES/HEROS/HEROS8bit_Adventurer Hurt D.png
  artifactKey: Guid(7bcb9df3a3d7b9449b0ada5bfd7210fa) Importer(815301076,1909f56bfc062723c751e8b465ee728b)
Start importing Assets/SPRITES/HEROS/HEROS8bit_Adventurer Hurt D.png using Guid(7bcb9df3a3d7b9449b0ada5bfd7210fa) Importer(815301076,1909f56bfc062723c751e8b465ee728b)  -> (artifact id: 'f29e24ac2571db8e9265c1e1d5e666fb') in 0.018090 seconds 
  Import took 0.022296 seconds .

========================================================================
Received Import Request.
  Time since last request: 0.317504 seconds.
  path: Assets/SPRITES/HEROS/HEROS8bit_Adventurer Hurt R.png
  artifactKey: Guid(ea30f311aa2710340b007aeb49add146) Importer(815301076,1909f56bfc062723c751e8b465ee728b)
Start importing Assets/SPRITES/HEROS/HEROS8bit_Adventurer Hurt R.png using Guid(ea30f311aa2710340b007aeb49add146) Importer(815301076,1909f56bfc062723c751e8b465ee728b)  -> (artifact id: '06ed96ba282cf63cf954c032e1247a43') in 0.010052 seconds 
  Import took 0.014941 seconds .

========================================================================
Received Import Request.
  Time since last request: 48.074840 seconds.
  path: Assets/TILEMAP/PixelPackTOPDOWN8BIT_0.asset
  artifactKey: Guid(407db69e50f47d4468a0901ec63143e7) Importer(815301076,1909f56bfc062723c751e8b465ee728b)
Start importing Assets/TILEMAP/PixelPackTOPDOWN8BIT_0.asset using Guid(407db69e50f47d4468a0901ec63143e7) Importer(815301076,1909f56bfc062723c751e8b465ee728b)  -> (artifact id: '14c9c50900939cec055794c9d4ccabe1') in 0.018279 seconds 
  Import took 0.022970 seconds .

========================================================================
Received Import Request.
  Time since last request: 45.268001 seconds.
  path: Assets/SPRITES
  artifactKey: Guid(bd542cd948c086142824f82bff2409f0) Importer(815301076,1909f56bfc062723c751e8b465ee728b)
Start importing Assets/SPRITES using Guid(bd542cd948c086142824f82bff2409f0) Importer(815301076,1909f56bfc062723c751e8b465ee728b)  -> (artifact id: '506ad9f64fbd4c190b6f415fe423d777') in 0.002707 seconds 
  Import took 0.009012 seconds .

========================================================================
Received Import Request.
  Time since last request: 62.418204 seconds.
  path: Assets/SPRITES/HEROS/HEROS8bit_Adventurer Attack D.png
  artifactKey: Guid(fb139624cf8c0bd439c364b67899d068) Importer(815301076,1909f56bfc062723c751e8b465ee728b)
Start importing Assets/SPRITES/HEROS/HEROS8bit_Adventurer Attack D.png using Guid(fb139624cf8c0bd439c364b67899d068) Importer(815301076,1909f56bfc062723c751e8b465ee728b)  -> (artifact id: 'c51a4ce8382468cf1395a7ced58349ad') in 0.006867 seconds 
  Import took 0.009801 seconds .

========================================================================
Received Import Request.
  Time since last request: 0.004601 seconds.
  path: Assets/SPRITES/HEROS/HEROS8bit_Adventurer Attack D.png
  artifactKey: Guid(fb139624cf8c0bd439c364b67899d068) Importer(815301076,1909f56bfc062723c751e8b465ee728b)
Start importing Assets/SPRITES/HEROS/HEROS8bit_Adventurer Attack D.png using Guid(fb139624cf8c0bd439c364b67899d068) Importer(815301076,1909f56bfc062723c751e8b465ee728b)  -> (artifact id: 'c51a4ce8382468cf1395a7ced58349ad') in 0.006219 seconds 
  Import took 0.009971 seconds .

========================================================================
Received Import Request.
  Time since last request: 12.267177 seconds.
  path: Assets/SPRITES/ENEMIES/ENEMIES8bit_Blob Hurt.png
  artifactKey: Guid(d0b94da9ce6684940b0ce5a88c472ece) Importer(815301076,1909f56bfc062723c751e8b465ee728b)
Start importing Assets/SPRITES/ENEMIES/ENEMIES8bit_Blob Hurt.png using Guid(d0b94da9ce6684940b0ce5a88c472ece) Importer(815301076,1909f56bfc062723c751e8b465ee728b)  -> (artifact id: '6d62d4514a7022a1f31440bcf2cc849f') in 0.006565 seconds 
  Import took 0.009864 seconds .

========================================================================
Received Import Request.
  Time since last request: 16.878675 seconds.
  path: Assets/SPRITES/ITEMS/item8BIT_bananas.png
  artifactKey: Guid(2218b17ba2138f14b952bcfc11c94950) Importer(815301076,1909f56bfc062723c751e8b465ee728b)
Start importing Assets/SPRITES/ITEMS/item8BIT_bananas.png using Guid(2218b17ba2138f14b952bcfc11c94950) Importer(815301076,1909f56bfc062723c751e8b465ee728b)  -> (artifact id: '898fd19264d1a79c5972b946666d440e') in 0.005815 seconds 
  Import took 0.009383 seconds .

========================================================================
Received Import Request.
  Time since last request: 0.000420 seconds.
  path: Assets/SPRITES/ITEMS/item8BIT_bananas.png
  artifactKey: Guid(2218b17ba2138f14b952bcfc11c94950) Importer(815301076,1909f56bfc062723c751e8b465ee728b)
Start importing Assets/SPRITES/ITEMS/item8BIT_bananas.png using Guid(2218b17ba2138f14b952bcfc11c94950) Importer(815301076,1909f56bfc062723c751e8b465ee728b)  -> (artifact id: '898fd19264d1a79c5972b946666d440e') in 0.006101 seconds 
  Import took 0.009236 seconds .

========================================================================
Received Import Request.
  Time since last request: 5.726809 seconds.
  path: Assets/SPRITES/HEROS/HEROS8bit_Adventurer Attack U.png
  artifactKey: Guid(2eecd1b3cd45a3c469dae11339ae68ae) Importer(815301076,1909f56bfc062723c751e8b465ee728b)
Start importing Assets/SPRITES/HEROS/HEROS8bit_Adventurer Attack U.png using Guid(2eecd1b3cd45a3c469dae11339ae68ae) Importer(815301076,1909f56bfc062723c751e8b465ee728b)  -> (artifact id: '4f3401d6aca7105853a2120712c50ca6') in 0.007221 seconds 
  Import took 0.010831 seconds .

========================================================================
Received Import Request.
  Time since last request: 0.962619 seconds.
  path: Assets/SPRITES/HEROS/HEROS8bit_Adventurer Hurt R.png
  artifactKey: Guid(ea30f311aa2710340b007aeb49add146) Importer(815301076,1909f56bfc062723c751e8b465ee728b)
Start importing Assets/SPRITES/HEROS/HEROS8bit_Adventurer Hurt R.png using Guid(ea30f311aa2710340b007aeb49add146) Importer(815301076,1909f56bfc062723c751e8b465ee728b)  -> (artifact id: '2a4a05c230c895a4e21a58988d87f403') in 0.006874 seconds 
  Import took 0.010305 seconds .

========================================================================
Received Import Request.
  Time since last request: 15.112072 seconds.
  path: Assets/SPRITES/HEROS/HEROS8bit_Adventurer Hurt U.png
  artifactKey: Guid(363ed8eb8db7bf14c86a210995e3fc75) Importer(815301076,1909f56bfc062723c751e8b465ee728b)
Start importing Assets/SPRITES/HEROS/HEROS8bit_Adventurer Hurt U.png using Guid(363ed8eb8db7bf14c86a210995e3fc75) Importer(815301076,1909f56bfc062723c751e8b465ee728b)  -> (artifact id: 'dd7fa5198c127e1baa5229564b3835e2') in 0.008054 seconds 
  Import took 0.011201 seconds .

========================================================================
Received Import Request.
  Time since last request: 3.164951 seconds.
  path: Assets/SPRITES/HEROS/HEROS8bit_Adventurer Hurt D.png
  artifactKey: Guid(7bcb9df3a3d7b9449b0ada5bfd7210fa) Importer(815301076,1909f56bfc062723c751e8b465ee728b)
Start importing Assets/SPRITES/HEROS/HEROS8bit_Adventurer Hurt D.png using Guid(7bcb9df3a3d7b9449b0ada5bfd7210fa) Importer(815301076,1909f56bfc062723c751e8b465ee728b)  -> (artifact id: 'e955fa37baa8288e5f22f4c53cf74c5b') in 0.006956 seconds 
  Import took 0.011808 seconds .

========================================================================
Received Import Request.
  Time since last request: 9.402012 seconds.
  path: Assets/SPRITES/HEROS/HEROS8bit_Adventurer Hurt D.png
  artifactKey: Guid(7bcb9df3a3d7b9449b0ada5bfd7210fa) Importer(815301076,1909f56bfc062723c751e8b465ee728b)
Start importing Assets/SPRITES/HEROS/HEROS8bit_Adventurer Hurt D.png using Guid(7bcb9df3a3d7b9449b0ada5bfd7210fa) Importer(815301076,1909f56bfc062723c751e8b465ee728b)  -> (artifact id: '7cce000c0d0abe06544947e7c8755bc2') in 0.008325 seconds 
  Import took 0.011609 seconds .

========================================================================
Received Import Request.
  Time since last request: 31.975396 seconds.
  path: Assets/SPRITES/HEROS/HEROS8bit_Adventurer Hurt D.png
  artifactKey: Guid(7bcb9df3a3d7b9449b0ada5bfd7210fa) Importer(815301076,1909f56bfc062723c751e8b465ee728b)
Start importing Assets/SPRITES/HEROS/HEROS8bit_Adventurer Hurt D.png using Guid(7bcb9df3a3d7b9449b0ada5bfd7210fa) Importer(815301076,1909f56bfc062723c751e8b465ee728b)  -> (artifact id: '5179d35a5847e4ecdc5ad943615ebca4') in 0.017749 seconds 
  Import took 0.023021 seconds .

========================================================================
Received Import Request.
  Time since last request: 6.149216 seconds.
  path: Assets/SPRITES/HEROS/HEROS8bit_Adventurer Death.png
  artifactKey: Guid(9e8e8c47127989b4fae2030eaabe6645) Importer(815301076,1909f56bfc062723c751e8b465ee728b)
Start importing Assets/SPRITES/HEROS/HEROS8bit_Adventurer Death.png using Guid(9e8e8c47127989b4fae2030eaabe6645) Importer(815301076,1909f56bfc062723c751e8b465ee728b)  -> (artifact id: '1adff772749746bdbbdc3befa02f0a25') in 0.008059 seconds 
  Import took 0.011393 seconds .

========================================================================
Received Import Request.
  Time since last request: 1.176515 seconds.
  path: Assets/SPRITES/HEROS/HEROS8bit_Adventurer Attack R.png
  artifactKey: Guid(0b73460dcb0028040ab9ecaa911785df) Importer(815301076,1909f56bfc062723c751e8b465ee728b)
Start importing Assets/SPRITES/HEROS/HEROS8bit_Adventurer Attack R.png using Guid(0b73460dcb0028040ab9ecaa911785df) Importer(815301076,1909f56bfc062723c751e8b465ee728b)  -> (artifact id: 'c24bbf0c1c2244e8d31750a46c0157d6') in 0.006188 seconds 
  Import took 0.010710 seconds .

========================================================================
Received Import Request.
  Time since last request: 35.822171 seconds.
  path: Assets/SPRITES/HEROS/HEROS8bit_Adventurer Idle D.png
  artifactKey: Guid(e95a7f056c7700a40833d04b50a12d23) Importer(815301076,1909f56bfc062723c751e8b465ee728b)
Start importing Assets/SPRITES/HEROS/HEROS8bit_Adventurer Idle D.png using Guid(e95a7f056c7700a40833d04b50a12d23) Importer(815301076,1909f56bfc062723c751e8b465ee728b)  -> (artifact id: 'e907f73ca5861c9bf7af5cd079f3f3d4') in 0.008072 seconds 
  Import took 0.011496 seconds .

========================================================================
Received Import Request.
  Time since last request: 20.429112 seconds.
  path: Assets/SPRITES/HEROS/HEROS8bit_Adventurer Idle D.png
  artifactKey: Guid(e95a7f056c7700a40833d04b50a12d23) Importer(815301076,1909f56bfc062723c751e8b465ee728b)
Start importing Assets/SPRITES/HEROS/HEROS8bit_Adventurer Idle D.png using Guid(e95a7f056c7700a40833d04b50a12d23) Importer(815301076,1909f56bfc062723c751e8b465ee728b)  -> (artifact id: '07af7ce8c3c1e0f719a0528ec5dc768d') in 0.016104 seconds 
  Import took 0.020554 seconds .

========================================================================
Received Import Request.
  Time since last request: 26.991621 seconds.
  path: Assets/SPRITES/HEROS/HEROS8bit_Adventurer JumpRoll D.png
  artifactKey: Guid(0f64deb946292eb4fbc5feca50b4a75b) Importer(815301076,1909f56bfc062723c751e8b465ee728b)
Start importing Assets/SPRITES/HEROS/HEROS8bit_Adventurer JumpRoll D.png using Guid(0f64deb946292eb4fbc5feca50b4a75b) Importer(815301076,1909f56bfc062723c751e8b465ee728b)  -> (artifact id: '3c41053b69f54bf2a424ad4b3b916597') in 0.006849 seconds 
  Import took 0.010173 seconds .

========================================================================
Received Import Request.
  Time since last request: 0.729337 seconds.
  path: Assets/SPRITES/HEROS/HEROS8bit_Adventurer JumpRoll R.png
  artifactKey: Guid(c82c9b3ba9ba00d4190e729ab73e833a) Importer(815301076,1909f56bfc062723c751e8b465ee728b)
Start importing Assets/SPRITES/HEROS/HEROS8bit_Adventurer JumpRoll R.png using Guid(c82c9b3ba9ba00d4190e729ab73e833a) Importer(815301076,1909f56bfc062723c751e8b465ee728b)  -> (artifact id: '72704c1134f09bbdd198f8c551040852') in 0.006603 seconds 
  Import took 0.009935 seconds .

========================================================================
Received Import Request.
  Time since last request: 2.242498 seconds.
  path: Assets/SPRITES/HEROS/HEROS8bit_Adventurer JumpRoll U.png
  artifactKey: Guid(041a13d4b0f8fdb45a2ce10d83db111d) Importer(815301076,1909f56bfc062723c751e8b465ee728b)
Start importing Assets/SPRITES/HEROS/HEROS8bit_Adventurer JumpRoll U.png using Guid(041a13d4b0f8fdb45a2ce10d83db111d) Importer(815301076,1909f56bfc062723c751e8b465ee728b)  -> (artifact id: '969946e215074869e710422429920ede') in 0.008259 seconds 
  Import took 0.012095 seconds .

========================================================================
Received Import Request.
  Time since last request: 7.750849 seconds.
  path: Assets/SPRITES/HEROS/HEROS8bit_Princess Walk U.png
  artifactKey: Guid(c80a7967754947843a935e4afdceeafe) Importer(815301076,1909f56bfc062723c751e8b465ee728b)
Start importing Assets/SPRITES/HEROS/HEROS8bit_Princess Walk U.png using Guid(c80a7967754947843a935e4afdceeafe) Importer(815301076,1909f56bfc062723c751e8b465ee728b)  -> (artifact id: '6e4ffc687680567bc0b810e4515e48ac') in 0.007828 seconds 
  Import took 0.012901 seconds .

========================================================================
Received Import Request.
  Time since last request: 0.653909 seconds.
  path: Assets/SPRITES/HEROS/HEROS8bit_Princess Walk R.png
  artifactKey: Guid(1cc266a58696ecf448b650cba43d059c) Importer(815301076,1909f56bfc062723c751e8b465ee728b)
Start importing Assets/SPRITES/HEROS/HEROS8bit_Princess Walk R.png using Guid(1cc266a58696ecf448b650cba43d059c) Importer(815301076,1909f56bfc062723c751e8b465ee728b)  -> (artifact id: '8902546738e3bee0e4770d14621e5279') in 0.006781 seconds 
  Import took 0.009848 seconds .

========================================================================
Received Import Request.
  Time since last request: 0.612602 seconds.
  path: Assets/SPRITES/HEROS/HEROS8bit_Princess Walk D.png
  artifactKey: Guid(deb4a032cb368b646990b429e2ced632) Importer(815301076,1909f56bfc062723c751e8b465ee728b)
Start importing Assets/SPRITES/HEROS/HEROS8bit_Princess Walk D.png using Guid(deb4a032cb368b646990b429e2ced632) Importer(815301076,1909f56bfc062723c751e8b465ee728b)  -> (artifact id: '82e24f383ba31f00de4d6dfb4b47de8d') in 0.005591 seconds 
  Import took 0.008635 seconds .

========================================================================
Received Import Request.
  Time since last request: 0.666522 seconds.
  path: Assets/SPRITES/HEROS/HEROS8bit_Princess Push U.png
  artifactKey: Guid(04cbc45e52586f547aa88a32a32f349e) Importer(815301076,1909f56bfc062723c751e8b465ee728b)
Start importing Assets/SPRITES/HEROS/HEROS8bit_Princess Push U.png using Guid(04cbc45e52586f547aa88a32a32f349e) Importer(815301076,1909f56bfc062723c751e8b465ee728b)  -> (artifact id: '0310427dfc91e00f034595bc6812e84d') in 0.007332 seconds 
  Import took 0.010838 seconds .

========================================================================
Received Import Request.
  Time since last request: 1.002474 seconds.
  path: Assets/SPRITES/HEROS/HEROS8bit_Princess Push R.png
  artifactKey: Guid(599ded29eb4022c47a661b23c3dc791c) Importer(815301076,1909f56bfc062723c751e8b465ee728b)
Start importing Assets/SPRITES/HEROS/HEROS8bit_Princess Push R.png using Guid(599ded29eb4022c47a661b23c3dc791c) Importer(815301076,1909f56bfc062723c751e8b465ee728b)  -> (artifact id: 'ea5617d215533e19b55b8a524ad16103') in 0.006513 seconds 
  Import took 0.010414 seconds .

========================================================================
Received Import Request.
  Time since last request: 2.980529 seconds.
  path: Assets/SPRITES/HEROS/HEROS8bit_Princess Idle D.png
  artifactKey: Guid(1db741fed9627ad4488fea1bea99d66c) Importer(815301076,1909f56bfc062723c751e8b465ee728b)
Start importing Assets/SPRITES/HEROS/HEROS8bit_Princess Idle D.png using Guid(1db741fed9627ad4488fea1bea99d66c) Importer(815301076,1909f56bfc062723c751e8b465ee728b)  -> (artifact id: '7ed6d63f4584b34408ee54fb29bb4586') in 0.007679 seconds 
  Import took 0.011777 seconds .

========================================================================
Received Import Request.
  Time since last request: 10.650613 seconds.
  path: Assets/SPRITES/HEROS/HEROS8bit_Princess Idle D.png
  artifactKey: Guid(1db741fed9627ad4488fea1bea99d66c) Importer(815301076,1909f56bfc062723c751e8b465ee728b)
Start importing Assets/SPRITES/HEROS/HEROS8bit_Princess Idle D.png using Guid(1db741fed9627ad4488fea1bea99d66c) Importer(815301076,1909f56bfc062723c751e8b465ee728b)  -> (artifact id: 'c7283c947feb5f67dbbb633602cf09ef') in 0.014172 seconds 
  Import took 0.018099 seconds .

========================================================================
Received Import Request.
  Time since last request: 16.355057 seconds.
  path: Assets/SPRITES/HEROS/HEROS8bit_Dog Idle D.png
  artifactKey: Guid(77c7c7db68f58ab44b650cebd358510a) Importer(815301076,1909f56bfc062723c751e8b465ee728b)
Start importing Assets/SPRITES/HEROS/HEROS8bit_Dog Idle D.png using Guid(77c7c7db68f58ab44b650cebd358510a) Importer(815301076,1909f56bfc062723c751e8b465ee728b)  -> (artifact id: '192ed134ce32f429e3df7e195f2cd34c') in 0.006119 seconds 
  Import took 0.009483 seconds .

========================================================================
Received Import Request.
  Time since last request: 11.040237 seconds.
  path: Assets/SPRITES/HEROS/HEROS8bit_Dog Idle D.png
  artifactKey: Guid(77c7c7db68f58ab44b650cebd358510a) Importer(815301076,1909f56bfc062723c751e8b465ee728b)
Start importing Assets/SPRITES/HEROS/HEROS8bit_Dog Idle D.png using Guid(77c7c7db68f58ab44b650cebd358510a) Importer(815301076,1909f56bfc062723c751e8b465ee728b)  -> (artifact id: '43d56a4b45dfbd30408c28f9d8b35cab') in 0.008824 seconds 
  Import took 0.011899 seconds .

========================================================================
Received Import Request.
  Time since last request: 5.958248 seconds.
  path: Assets/SPRITES/HEROS/HEROS8bit_Dog Attack R.png
  artifactKey: Guid(80bcad6263aafbe4382660398177c0f8) Importer(815301076,1909f56bfc062723c751e8b465ee728b)
Start importing Assets/SPRITES/HEROS/HEROS8bit_Dog Attack R.png using Guid(80bcad6263aafbe4382660398177c0f8) Importer(815301076,1909f56bfc062723c751e8b465ee728b)  -> (artifact id: '84f0f77c548bcc81e0a1fd707019613a') in 0.008666 seconds 
  Import took 0.012011 seconds .

========================================================================
Received Import Request.
  Time since last request: 0.512233 seconds.
  path: Assets/SPRITES/HEROS/HEROS8bit_Adventurer Walk U.png
  artifactKey: Guid(e9da3785307969346b8e10b68bc5bc78) Importer(815301076,1909f56bfc062723c751e8b465ee728b)
Start importing Assets/SPRITES/HEROS/HEROS8bit_Adventurer Walk U.png using Guid(e9da3785307969346b8e10b68bc5bc78) Importer(815301076,1909f56bfc062723c751e8b465ee728b)  -> (artifact id: 'ceaf8715a7feb381e411433d55fd660e') in 0.006271 seconds 
  Import took 0.009693 seconds .

========================================================================
Received Import Request.
  Time since last request: 2.195146 seconds.
  path: Assets/SPRITES/HEROS/HEROS8bit_Adventurer Walk R.png
  artifactKey: Guid(92df610c934ed41479a76fe083345ad5) Importer(815301076,1909f56bfc062723c751e8b465ee728b)
Start importing Assets/SPRITES/HEROS/HEROS8bit_Adventurer Walk R.png using Guid(92df610c934ed41479a76fe083345ad5) Importer(815301076,1909f56bfc062723c751e8b465ee728b)  -> (artifact id: '1936a488d81c7446a0870a14cf2f7b63') in 0.005958 seconds 
  Import took 0.009231 seconds .

========================================================================
Received Import Request.
  Time since last request: 469.317153 seconds.
  path: Assets/SPRITES/ENEMIES/ENEMIES8bit_Sorcerer Attack U.png
  artifactKey: Guid(4e371807b97218e40915ef572a929485) Importer(815301076,1909f56bfc062723c751e8b465ee728b)
Start importing Assets/SPRITES/ENEMIES/ENEMIES8bit_Sorcerer Attack U.png using Guid(4e371807b97218e40915ef572a929485) Importer(815301076,1909f56bfc062723c751e8b465ee728b)  -> (artifact id: '6d27f89b48261d7ed2255d1600d7f476') in 0.007396 seconds 
  Import took 0.011228 seconds .

========================================================================
Received Import Request.
  Time since last request: 2.297677 seconds.
  path: Assets/SPRITES/ENEMIES/ENEMIES8bit_Sorcerer Attack R.png
  artifactKey: Guid(72f6777fcf323364fb9d7cdaccf5e0af) Importer(815301076,1909f56bfc062723c751e8b465ee728b)
Start importing Assets/SPRITES/ENEMIES/ENEMIES8bit_Sorcerer Attack R.png using Guid(72f6777fcf323364fb9d7cdaccf5e0af) Importer(815301076,1909f56bfc062723c751e8b465ee728b)  -> (artifact id: '4d2f91044497c7067587bf50f33212dc') in 0.005820 seconds 
  Import took 0.009341 seconds .

========================================================================
Received Import Request.
  Time since last request: 2.704222 seconds.
  path: Assets/SPRITES/ENEMIES/ENEMIES8bit_Sorcerer Death D.png
  artifactKey: Guid(2e4a1999b7e342d4991853deca064da1) Importer(815301076,1909f56bfc062723c751e8b465ee728b)
Start importing Assets/SPRITES/ENEMIES/ENEMIES8bit_Sorcerer Death D.png using Guid(2e4a1999b7e342d4991853deca064da1) Importer(815301076,1909f56bfc062723c751e8b465ee728b)  -> (artifact id: 'cf21e4d434e04735e1387f6451adb5ac') in 0.007752 seconds 
  Import took 0.011300 seconds .

========================================================================
Received Import Request.
  Time since last request: 1.795930 seconds.
  path: Assets/SPRITES/ENEMIES/ENEMIES8bit_Sorcerer Attack D.png
  artifactKey: Guid(3b8132cf9adb80045838e69da9f3477c) Importer(815301076,1909f56bfc062723c751e8b465ee728b)
Start importing Assets/SPRITES/ENEMIES/ENEMIES8bit_Sorcerer Attack D.png using Guid(3b8132cf9adb80045838e69da9f3477c) Importer(815301076,1909f56bfc062723c751e8b465ee728b)  -> (artifact id: '6d3e96f12560fcdaa01e46a20061aeda') in 0.006154 seconds 
  Import took 0.010235 seconds .

========================================================================
Received Import Request.
  Time since last request: 4.931861 seconds.
  path: Assets/SPRITES/ENEMIES/ENEMIES8bit_Snake Walk D.png
  artifactKey: Guid(ebc853225b63ac447920674a79ab0bd0) Importer(815301076,1909f56bfc062723c751e8b465ee728b)
Start importing Assets/SPRITES/ENEMIES/ENEMIES8bit_Snake Walk D.png using Guid(ebc853225b63ac447920674a79ab0bd0) Importer(815301076,1909f56bfc062723c751e8b465ee728b)  -> (artifact id: 'c404d1035df25caf7d87c091196febf5') in 0.006181 seconds 
  Import took 0.009574 seconds .

========================================================================
Received Import Request.
  Time since last request: 0.725313 seconds.
  path: Assets/SPRITES/ENEMIES/ENEMIES8bit_Snake Idle U.png
  artifactKey: Guid(93edfa9c16a8b3746a2de8479fe124ef) Importer(815301076,1909f56bfc062723c751e8b465ee728b)
Start importing Assets/SPRITES/ENEMIES/ENEMIES8bit_Snake Idle U.png using Guid(93edfa9c16a8b3746a2de8479fe124ef) Importer(815301076,1909f56bfc062723c751e8b465ee728b)  -> (artifact id: '560d117e1ea396fd8b2cb4bb9ce501b2') in 0.006086 seconds 
  Import took 0.009446 seconds .

========================================================================
Received Import Request.
  Time since last request: 15.891144 seconds.
  path: Assets/SPRITES/ENEMIES/ENEMIES8bit_Snake Walk U.png
  artifactKey: Guid(11af0cfb1c101704a8403a4a3a1a78b6) Importer(815301076,1909f56bfc062723c751e8b465ee728b)
Start importing Assets/SPRITES/ENEMIES/ENEMIES8bit_Snake Walk U.png using Guid(11af0cfb1c101704a8403a4a3a1a78b6) Importer(815301076,1909f56bfc062723c751e8b465ee728b)  -> (artifact id: 'c993054e4ab65910c342dfec99510689') in 0.005915 seconds 
  Import took 0.009319 seconds .

========================================================================
Received Import Request.
  Time since last request: 3.290088 seconds.
  path: Assets/SPRITES/ENEMIES/ENEMIES8bit_Sorcerer Idle R.png
  artifactKey: Guid(086af83e60b9842489f7fe07293c3cdc) Importer(815301076,1909f56bfc062723c751e8b465ee728b)
Start importing Assets/SPRITES/ENEMIES/ENEMIES8bit_Sorcerer Idle R.png using Guid(086af83e60b9842489f7fe07293c3cdc) Importer(815301076,1909f56bfc062723c751e8b465ee728b)  -> (artifact id: '289dd0aed3fd5a36b0e9ba976ef345a7') in 0.006599 seconds 
  Import took 0.009876 seconds .

========================================================================
Received Import Request.
  Time since last request: 0.657562 seconds.
  path: Assets/SPRITES/ENEMIES/ENEMIES8bit_Sorcerer Idle U.png
  artifactKey: Guid(77c0d520390a0c34c90aa09e6516c909) Importer(815301076,1909f56bfc062723c751e8b465ee728b)
Start importing Assets/SPRITES/ENEMIES/ENEMIES8bit_Sorcerer Idle U.png using Guid(77c0d520390a0c34c90aa09e6516c909) Importer(815301076,1909f56bfc062723c751e8b465ee728b)  -> (artifact id: '9d17da36ecd0e2772b5f3f9b07faf417') in 0.006073 seconds 
  Import took 0.010554 seconds .

========================================================================
Received Import Request.
  Time since last request: 1.369365 seconds.
  path: Assets/SPRITES/ENEMIES/ENEMIES8bit_Sorcerer Idle D.png
  artifactKey: Guid(3cb4a1041d721314ba02e76311822f39) Importer(815301076,1909f56bfc062723c751e8b465ee728b)
Start importing Assets/SPRITES/ENEMIES/ENEMIES8bit_Sorcerer Idle D.png using Guid(3cb4a1041d721314ba02e76311822f39) Importer(815301076,1909f56bfc062723c751e8b465ee728b)  -> (artifact id: '07eeb8ab6b0bc3ca18ffb8f58bb6d6ee') in 0.005660 seconds 
  Import took 0.008787 seconds .

========================================================================
Received Import Request.
  Time since last request: 1.100369 seconds.
  path: Assets/SPRITES/ENEMIES/ENEMIES8bit_Sorcerer Hurt U.png
  artifactKey: Guid(3e8325c1f971fa640a80bfd9f59e7633) Importer(815301076,1909f56bfc062723c751e8b465ee728b)
Start importing Assets/SPRITES/ENEMIES/ENEMIES8bit_Sorcerer Hurt U.png using Guid(3e8325c1f971fa640a80bfd9f59e7633) Importer(815301076,1909f56bfc062723c751e8b465ee728b)  -> (artifact id: '23ac99b2c92bcc9b8d13fab05923ba0a') in 0.006075 seconds 
  Import took 0.009865 seconds .

========================================================================
Received Import Request.
  Time since last request: 1.062236 seconds.
  path: Assets/SPRITES/ENEMIES/ENEMIES8bit_Sorcerer Hurt R.png
  artifactKey: Guid(1a463b941a96d994b82c21c24b13dc32) Importer(815301076,1909f56bfc062723c751e8b465ee728b)
Start importing Assets/SPRITES/ENEMIES/ENEMIES8bit_Sorcerer Hurt R.png using Guid(1a463b941a96d994b82c21c24b13dc32) Importer(815301076,1909f56bfc062723c751e8b465ee728b)  -> (artifact id: '59e23a205617e04c7ac0d6b3f8730dfe') in 0.005729 seconds 
  Import took 0.009057 seconds .

========================================================================
Received Import Request.
  Time since last request: 5.421764 seconds.
  path: Assets/SPRITES/ENEMIES/ENEMIES8bit_Sorcerer Walk D.png
  artifactKey: Guid(2c73b87284206024598130979ec5c8f7) Importer(815301076,1909f56bfc062723c751e8b465ee728b)
Start importing Assets/SPRITES/ENEMIES/ENEMIES8bit_Sorcerer Walk D.png using Guid(2c73b87284206024598130979ec5c8f7) Importer(815301076,1909f56bfc062723c751e8b465ee728b)  -> (artifact id: 'd1ba8bb7fcca7f9fb4d8af0ba4f635cb') in 0.007817 seconds 
  Import took 0.011041 seconds .

========================================================================
Received Import Request.
  Time since last request: 434.738448 seconds.
  path: Assets/TILEMAP/PALETTE
  artifactKey: Guid(e8f87b9179110f24995c1ca38bad9c1d) Importer(815301076,1909f56bfc062723c751e8b465ee728b)
Start importing Assets/TILEMAP/PALETTE using Guid(e8f87b9179110f24995c1ca38bad9c1d) Importer(815301076,1909f56bfc062723c751e8b465ee728b)  -> (artifact id: 'eb5fa273834f7ce2f42b54e0c5cd0900') in 0.002259 seconds 
  Import took 0.006430 seconds .

========================================================================
Received Import Request.
  Time since last request: 90.570372 seconds.
  path: Assets/SPRITES/HEROS/DOG
  artifactKey: Guid(caa388c34a4154943aae53e8db8c48e7) Importer(815301076,1909f56bfc062723c751e8b465ee728b)
Start importing Assets/SPRITES/HEROS/DOG using Guid(caa388c34a4154943aae53e8db8c48e7) Importer(815301076,1909f56bfc062723c751e8b465ee728b)  -> (artifact id: '0ed8b53d1d653af42fd3561bc848b280') in 0.002060 seconds 
  Import took 0.007045 seconds .

========================================================================
Received Import Request.
  Time since last request: 391.393921 seconds.
  path: Assets/SPRITES/ENEMIES/SORCERER/ENEMIES8bit_Sorcerer Attack R.png
  artifactKey: Guid(72f6777fcf323364fb9d7cdaccf5e0af) Importer(815301076,1909f56bfc062723c751e8b465ee728b)
Start importing Assets/SPRITES/ENEMIES/SORCERER/ENEMIES8bit_Sorcerer Attack R.png using Guid(72f6777fcf323364fb9d7cdaccf5e0af) Importer(815301076,1909f56bfc062723c751e8b465ee728b)  -> (artifact id: 'e5f224bb5915e90f6e7b3b0c2bc66907') in 0.008415 seconds 
  Import took 0.014076 seconds .

========================================================================
Received Import Request.
  Time since last request: 30.960376 seconds.
  path: Assets/SPRITES/ENEMIES/SORCERER/ENEMIES8bit_Sorcerer Attack R.png
  artifactKey: Guid(72f6777fcf323364fb9d7cdaccf5e0af) Importer(815301076,1909f56bfc062723c751e8b465ee728b)
Start importing Assets/SPRITES/ENEMIES/SORCERER/ENEMIES8bit_Sorcerer Attack R.png using Guid(72f6777fcf323364fb9d7cdaccf5e0af) Importer(815301076,1909f56bfc062723c751e8b465ee728b)  -> (artifact id: '975935b10cb2ed5f4b0208bf87a942f2') in 0.020135 seconds 
  Import took 0.023462 seconds .

========================================================================
Received Import Request.
  Time since last request: 150.742702 seconds.
  path: Assets/SPRITES/ENEMIES/SORCERER/ENEMIES8bit_Sorcerer Attack R.png
  artifactKey: Guid(72f6777fcf323364fb9d7cdaccf5e0af) Importer(815301076,1909f56bfc062723c751e8b465ee728b)
Start importing Assets/SPRITES/ENEMIES/SORCERER/ENEMIES8bit_Sorcerer Attack R.png using Guid(72f6777fcf323364fb9d7cdaccf5e0af) Importer(815301076,1909f56bfc062723c751e8b465ee728b)  -> (artifact id: '60dd40eb50625088a481c6d5c4151e81') in 0.017425 seconds 
  Import took 0.020800 seconds .

========================================================================
Received Import Request.
  Time since last request: 27.321426 seconds.
  path: Assets/SPRITES/ENEMIES/SORCERER/ENEMIES8bit_Sorcerer Idle R.png
  artifactKey: Guid(086af83e60b9842489f7fe07293c3cdc) Importer(815301076,1909f56bfc062723c751e8b465ee728b)
Start importing Assets/SPRITES/ENEMIES/SORCERER/ENEMIES8bit_Sorcerer Idle R.png using Guid(086af83e60b9842489f7fe07293c3cdc) Importer(815301076,1909f56bfc062723c751e8b465ee728b)  -> (artifact id: '7682d1471ceaf41d58403971d964f3dc') in 0.015344 seconds 
  Import took 0.019065 seconds .

========================================================================
Received Import Request.
  Time since last request: 67.021748 seconds.
  path: Assets/SPRITES/HEROS/DOG/HEROS8bit_Dog Idle R.png
  artifactKey: Guid(41c794014060b524d81edc9584d145a9) Importer(815301076,1909f56bfc062723c751e8b465ee728b)
Start importing Assets/SPRITES/HEROS/DOG/HEROS8bit_Dog Idle R.png using Guid(41c794014060b524d81edc9584d145a9) Importer(815301076,1909f56bfc062723c751e8b465ee728b)  -> (artifact id: 'f5023153e2b7f97bdb0ac27a342fd1d1') in 0.008274 seconds 
  Import took 0.014077 seconds .

========================================================================
Received Import Request.
  Time since last request: 0.634145 seconds.
  path: Assets/SPRITES/HEROS/DOG/HEROS8bit_Dog Idle U.png
  artifactKey: Guid(8d97883c0ddeb79458e2fa7a8b4fa4d8) Importer(815301076,1909f56bfc062723c751e8b465ee728b)
Start importing Assets/SPRITES/HEROS/DOG/HEROS8bit_Dog Idle U.png using Guid(8d97883c0ddeb79458e2fa7a8b4fa4d8) Importer(815301076,1909f56bfc062723c751e8b465ee728b)  -> (artifact id: 'cff7aa2e2d21fd1fc27e07c300643448') in 0.008103 seconds 
  Import took 0.014251 seconds .

>>>>>>> b52a80bbf1642f1c4804675ca210f4294e628320
AssetImportWorkerClient::OnTransportError - code=2 error=End of file
